2025-01-10 19:07:58.431 [main] INFO  org.start.app.MyApplication - Starting MyApplication using Java 1.8.0_281 on PC-202404111116 with PID 4820 (D:\gitee-work\myapp\target\classes started by Administrator in D:\gitee-work\myapp)
2025-01-10 19:07:58.438 [main] DEBUG org.start.app.MyApplication - Running with Spring Boot v2.7.5, Spring v5.3.23
2025-01-10 19:07:58.438 [main] INFO  org.start.app.MyApplication - The following 1 profile is active: "dev"
2025-01-10 19:07:59.002 [main] INFO  o.s.d.r.c.RepositoryConfigurationDelegate - Multiple Spring Data modules found, entering strict repository configuration mode
2025-01-10 19:07:59.004 [main] INFO  o.s.d.r.c.RepositoryConfigurationDelegate - Bootstrapping Spring Data Redis repositories in DEFAULT mode.
2025-01-10 19:07:59.024 [main] INFO  o.s.d.r.c.RepositoryConfigurationDelegate - Finished Spring Data repository scanning in 6 ms. Found 0 Redis repository interfaces.
2025-01-10 19:07:59.355 [main] INFO  o.s.b.w.e.tomcat.TomcatWebServer - Tomcat initialized with port(s): 8080 (http)
2025-01-10 19:07:59.361 [main] INFO  o.a.coyote.http11.Http11NioProtocol - Initializing ProtocolHandler ["http-nio-8080"]
2025-01-10 19:07:59.362 [main] INFO  o.a.catalina.core.StandardService - Starting service [Tomcat]
2025-01-10 19:07:59.362 [main] INFO  o.a.catalina.core.StandardEngine - Starting Servlet engine: [Apache Tomcat/9.0.68]
2025-01-10 19:07:59.457 [main] INFO  o.a.c.c.C.[Tomcat].[localhost].[/] - Initializing Spring embedded WebApplicationContext
2025-01-10 19:07:59.457 [main] INFO  o.s.b.w.s.c.ServletWebServerApplicationContext - Root WebApplicationContext: initialization completed in 983 ms
2025-01-10 19:07:59.538 [main] WARN  o.s.b.w.s.c.AnnotationConfigServletWebServerApplicationContext - Exception encountered during context initialization - cancelling refresh attempt: org.springframework.beans.factory.UnsatisfiedDependencyException: Error creating bean with name 'redisController' defined in file [D:\gitee-work\myapp\target\classes\org\start\app\controller\RedisController.class]: Unsatisfied dependency expressed through constructor parameter 0; nested exception is org.springframework.beans.factory.UnsatisfiedDependencyException: Error creating bean with name 'redisUtil' defined in file [D:\gitee-work\myapp\target\classes\org\start\app\util\RedisUtil.class]: Unsatisfied dependency expressed through constructor parameter 0; nested exception is org.springframework.beans.factory.NoSuchBeanDefinitionException: No qualifying bean of type 'org.springframework.data.redis.core.RedisTemplate<java.lang.String, java.lang.Object>' available: expected at least 1 bean which qualifies as autowire candidate. Dependency annotations: {}
2025-01-10 19:07:59.539 [main] INFO  o.a.catalina.core.StandardService - Stopping service [Tomcat]
2025-01-10 19:07:59.552 [main] INFO  o.s.b.a.l.ConditionEvaluationReportLoggingListener - 

Error starting ApplicationContext. To display the conditions report re-run your application with 'debug' enabled.
2025-01-10 19:07:59.569 [main] ERROR o.s.b.d.LoggingFailureAnalysisReporter - 

***************************
APPLICATION FAILED TO START
***************************

Description:

Parameter 0 of constructor in org.start.app.util.RedisUtil required a bean of type 'org.springframework.data.redis.core.RedisTemplate' that could not be found.


Action:

Consider defining a bean of type 'org.springframework.data.redis.core.RedisTemplate' in your configuration.

2025-01-10 19:09:32.037 [main] INFO  org.start.app.MyApplication - Starting MyApplication using Java 1.8.0_281 on PC-202404111116 with PID 17428 (D:\gitee-work\myapp\target\classes started by Administrator in D:\gitee-work\myapp)
2025-01-10 19:09:32.038 [main] DEBUG org.start.app.MyApplication - Running with Spring Boot v2.7.5, Spring v5.3.23
2025-01-10 19:09:32.038 [main] INFO  org.start.app.MyApplication - The following 1 profile is active: "dev"
2025-01-10 19:09:32.502 [main] INFO  o.s.d.r.c.RepositoryConfigurationDelegate - Multiple Spring Data modules found, entering strict repository configuration mode
2025-01-10 19:09:32.503 [main] INFO  o.s.d.r.c.RepositoryConfigurationDelegate - Bootstrapping Spring Data Redis repositories in DEFAULT mode.
2025-01-10 19:09:32.518 [main] INFO  o.s.d.r.c.RepositoryConfigurationDelegate - Finished Spring Data repository scanning in 5 ms. Found 0 Redis repository interfaces.
2025-01-10 19:09:32.803 [main] INFO  o.s.b.w.e.tomcat.TomcatWebServer - Tomcat initialized with port(s): 8080 (http)
2025-01-10 19:09:32.809 [main] INFO  o.a.coyote.http11.Http11NioProtocol - Initializing ProtocolHandler ["http-nio-8080"]
2025-01-10 19:09:32.809 [main] INFO  o.a.catalina.core.StandardService - Starting service [Tomcat]
2025-01-10 19:09:32.810 [main] INFO  o.a.catalina.core.StandardEngine - Starting Servlet engine: [Apache Tomcat/9.0.68]
2025-01-10 19:09:32.896 [main] INFO  o.a.c.c.C.[Tomcat].[localhost].[/] - Initializing Spring embedded WebApplicationContext
2025-01-10 19:09:32.896 [main] INFO  o.s.b.w.s.c.ServletWebServerApplicationContext - Root WebApplicationContext: initialization completed in 829 ms
2025-01-10 19:09:33.193 [main] INFO  c.a.d.s.b.a.DruidDataSourceAutoConfigure - Init DruidDataSource
2025-01-10 19:09:34.578 [main] INFO  c.alibaba.druid.pool.DruidDataSource - {dataSource-1} inited
2025-01-10 19:09:35.230 [main] INFO  o.a.coyote.http11.Http11NioProtocol - Starting ProtocolHandler ["http-nio-8080"]
2025-01-10 19:09:35.242 [main] INFO  o.s.b.w.e.tomcat.TomcatWebServer - Tomcat started on port(s): 8080 (http) with context path ''
2025-01-10 19:09:35.248 [main] INFO  org.start.app.MyApplication - Started MyApplication in 3.48 seconds (JVM running for 4.026)
2025-01-10 19:10:10.654 [http-nio-8080-exec-2] INFO  o.a.c.c.C.[Tomcat].[localhost].[/] - Initializing Spring DispatcherServlet 'dispatcherServlet'
2025-01-10 19:10:10.655 [http-nio-8080-exec-2] INFO  o.s.web.servlet.DispatcherServlet - Initializing Servlet 'dispatcherServlet'
2025-01-10 19:10:10.656 [http-nio-8080-exec-2] INFO  o.s.web.servlet.DispatcherServlet - Completed initialization in 1 ms
2025-01-10 19:10:10.674 [http-nio-8080-exec-2] INFO  o.start.app.filter.RequestLogFilter - 
REQUEST LOG ====================================
URI         : /swagger-ui/index.html
Method      : GET
Headers     : host: localhost:8080, connection: keep-alive, sec-ch-ua: "Google Chrome";v="131", "Chromium";v="131", "Not_A Brand";v="24", sec-ch-ua-mobile: ?0, sec-ch-ua-platform: "Windows", upgrade-insecure-requests: 1, user-agent: Mozilla/5.0 (Windows NT 10.0; Win64; x64) AppleWebKit/537.36 (KHTML, like Gecko) Chrome/131.0.0.0 Safari/537.36, accept: text/html,application/xhtml+xml,application/xml;q=0.9,image/avif,image/webp,image/apng,*/*;q=0.8,application/signed-exchange;v=b3;q=0.7, sec-fetch-site: none, sec-fetch-mode: navigate, sec-fetch-user: ?1, sec-fetch-dest: document, accept-encoding: gzip, deflate, br, zstd, accept-language: zh-CN,zh;q=0.9,en;q=0.8, if-modified-since: Mon, 06 Jan 2025 13:27:15 GMT
Parameters  : org.apache.catalina.util.ParameterMap@241c60fd
Request body: 
Response    : 
Duration    : 12ms
===============================================
2025-01-10 19:10:10.697 [http-nio-8080-exec-3] INFO  o.start.app.filter.RequestLogFilter - 
REQUEST LOG ====================================
URI         : /swagger-ui/index.css
Method      : GET
Headers     : host: localhost:8080, connection: keep-alive, sec-ch-ua-platform: "Windows", user-agent: Mozilla/5.0 (Windows NT 10.0; Win64; x64) AppleWebKit/537.36 (KHTML, like Gecko) Chrome/131.0.0.0 Safari/537.36, sec-ch-ua: "Google Chrome";v="131", "Chromium";v="131", "Not_A Brand";v="24", sec-ch-ua-mobile: ?0, accept: text/css,*/*;q=0.1, sec-fetch-site: same-origin, sec-fetch-mode: no-cors, sec-fetch-dest: style, referer: http://localhost:8080/swagger-ui/index.html, accept-encoding: gzip, deflate, br, zstd, accept-language: zh-CN,zh;q=0.9,en;q=0.8, if-modified-since: Mon, 06 Jan 2025 13:27:15 GMT
Parameters  : org.apache.catalina.util.ParameterMap@7d6f8b04
Request body: 
Response    : 
Duration    : 2ms
===============================================
2025-01-10 19:10:10.697 [http-nio-8080-exec-1] INFO  o.start.app.filter.RequestLogFilter - 
REQUEST LOG ====================================
URI         : /swagger-ui/swagger-ui.css
Method      : GET
Headers     : host: localhost:8080, connection: keep-alive, sec-ch-ua-platform: "Windows", user-agent: Mozilla/5.0 (Windows NT 10.0; Win64; x64) AppleWebKit/537.36 (KHTML, like Gecko) Chrome/131.0.0.0 Safari/537.36, sec-ch-ua: "Google Chrome";v="131", "Chromium";v="131", "Not_A Brand";v="24", sec-ch-ua-mobile: ?0, accept: text/css,*/*;q=0.1, sec-fetch-site: same-origin, sec-fetch-mode: no-cors, sec-fetch-dest: style, referer: http://localhost:8080/swagger-ui/index.html, accept-encoding: gzip, deflate, br, zstd, accept-language: zh-CN,zh;q=0.9,en;q=0.8, if-modified-since: Mon, 06 Jan 2025 13:27:15 GMT
Parameters  : org.apache.catalina.util.ParameterMap@241c60fd
Request body: 
Response    : 
Duration    : 3ms
===============================================
2025-01-10 19:10:10.698 [http-nio-8080-exec-5] INFO  o.start.app.filter.RequestLogFilter - 
REQUEST LOG ====================================
URI         : /swagger-ui/swagger-ui-standalone-preset.js
Method      : GET
Headers     : host: localhost:8080, connection: keep-alive, sec-ch-ua-platform: "Windows", user-agent: Mozilla/5.0 (Windows NT 10.0; Win64; x64) AppleWebKit/537.36 (KHTML, like Gecko) Chrome/131.0.0.0 Safari/537.36, sec-ch-ua: "Google Chrome";v="131", "Chromium";v="131", "Not_A Brand";v="24", sec-ch-ua-mobile: ?0, accept: */*, sec-fetch-site: same-origin, sec-fetch-mode: no-cors, sec-fetch-dest: script, referer: http://localhost:8080/swagger-ui/index.html, accept-encoding: gzip, deflate, br, zstd, accept-language: zh-CN,zh;q=0.9,en;q=0.8, if-modified-since: Mon, 06 Jan 2025 13:27:15 GMT
Parameters  : org.apache.catalina.util.ParameterMap@38d41d69
Request body: 
Response    : 
Duration    : 2ms
===============================================
2025-01-10 19:10:10.698 [http-nio-8080-exec-4] INFO  o.start.app.filter.RequestLogFilter - 
REQUEST LOG ====================================
URI         : /swagger-ui/swagger-ui-bundle.js
Method      : GET
Headers     : host: localhost:8080, connection: keep-alive, sec-ch-ua-platform: "Windows", user-agent: Mozilla/5.0 (Windows NT 10.0; Win64; x64) AppleWebKit/537.36 (KHTML, like Gecko) Chrome/131.0.0.0 Safari/537.36, sec-ch-ua: "Google Chrome";v="131", "Chromium";v="131", "Not_A Brand";v="24", sec-ch-ua-mobile: ?0, accept: */*, sec-fetch-site: same-origin, sec-fetch-mode: no-cors, sec-fetch-dest: script, referer: http://localhost:8080/swagger-ui/index.html, accept-encoding: gzip, deflate, br, zstd, accept-language: zh-CN,zh;q=0.9,en;q=0.8, if-modified-since: Mon, 06 Jan 2025 13:27:15 GMT
Parameters  : org.apache.catalina.util.ParameterMap@3439c0db
Request body: 
Response    : 
Duration    : 2ms
===============================================
2025-01-10 19:10:10.727 [http-nio-8080-exec-6] INFO  o.start.app.filter.RequestLogFilter - 
REQUEST LOG ====================================
URI         : /swagger-ui/swagger-initializer.js
Method      : GET
Headers     : host: localhost:8080, connection: keep-alive, sec-ch-ua-platform: "Windows", user-agent: Mozilla/5.0 (Windows NT 10.0; Win64; x64) AppleWebKit/537.36 (KHTML, like Gecko) Chrome/131.0.0.0 Safari/537.36, sec-ch-ua: "Google Chrome";v="131", "Chromium";v="131", "Not_A Brand";v="24", sec-ch-ua-mobile: ?0, accept: */*, sec-fetch-site: same-origin, sec-fetch-mode: no-cors, sec-fetch-dest: script, referer: http://localhost:8080/swagger-ui/index.html, accept-encoding: gzip, deflate, br, zstd, accept-language: zh-CN,zh;q=0.9,en;q=0.8
Parameters  : org.apache.catalina.util.ParameterMap@373be8d
Request body: 
Response    : window.onload = function() {
  //<editor-fold desc="Changeable Configuration Block">

  // the following lines will be replaced by docker/configurator, when it runs in a docker-container
  window.ui = SwaggerUIBundle({
    url: "",
    dom_id: '#swagger-ui',
    deepLinking: true,
    presets: [
      SwaggerUIBundle.presets.apis,
      SwaggerUIStandalonePreset
    ],
    plugins: [
      SwaggerUIBundle.plugins.DownloadUrl
    ],
    layout: "StandaloneLayout" ,

  "configUrl" : "/v3/api-docs/swagger-config",
  "validatorUrl" : ""

  });

  //</editor-fold>
};

Duration    : 31ms
===============================================
2025-01-10 19:10:11.078 [http-nio-8080-exec-7] INFO  o.start.app.filter.RequestLogFilter - 
REQUEST LOG ====================================
URI         : /v3/api-docs/swagger-config
Method      : GET
Headers     : host: localhost:8080, connection: keep-alive, sec-ch-ua-platform: "Windows", user-agent: Mozilla/5.0 (Windows NT 10.0; Win64; x64) AppleWebKit/537.36 (KHTML, like Gecko) Chrome/131.0.0.0 Safari/537.36, sec-ch-ua: "Google Chrome";v="131", "Chromium";v="131", "Not_A Brand";v="24", sec-ch-ua-mobile: ?0, accept: */*, sec-fetch-site: same-origin, sec-fetch-mode: cors, sec-fetch-dest: empty, referer: http://localhost:8080/swagger-ui/index.html, accept-encoding: gzip, deflate, br, zstd, accept-language: zh-CN,zh;q=0.9,en;q=0.8
Parameters  : org.apache.catalina.util.ParameterMap@373be8d
Request body: 
Response    : {"configUrl":"/v3/api-docs/swagger-config","oauth2RedirectUrl":"http://localhost:8080/swagger-ui/oauth2-redirect.html","urls":[{"url":"/v3/api-docs","name":"API docs"}],"validatorUrl":""}
Duration    : 38ms
===============================================
2025-01-10 19:10:11.402 [http-nio-8080-exec-8] INFO  o.s.api.AbstractOpenApiResource - Init duration for springdoc-openapi is: 300 ms
2025-01-10 19:10:11.427 [http-nio-8080-exec-8] INFO  o.start.app.filter.RequestLogFilter - 
REQUEST LOG ====================================
URI         : /v3/api-docs
Method      : GET
Headers     : host: localhost:8080, connection: keep-alive, sec-ch-ua-platform: "Windows", user-agent: Mozilla/5.0 (Windows NT 10.0; Win64; x64) AppleWebKit/537.36 (KHTML, like Gecko) Chrome/131.0.0.0 Safari/537.36, accept: application/json,*/*, sec-ch-ua: "Google Chrome";v="131", "Chromium";v="131", "Not_A Brand";v="24", sec-ch-ua-mobile: ?0, sec-fetch-site: same-origin, sec-fetch-mode: cors, sec-fetch-dest: empty, referer: http://localhost:8080/swagger-ui/index.html, accept-encoding: gzip, deflate, br, zstd, accept-language: zh-CN,zh;q=0.9,en;q=0.8
Parameters  : org.apache.catalina.util.ParameterMap@373be8d
Request body: 
Response    : {"openapi":"3.0.1","info":{"title":"项目API文档","description":"API接口文档","contact":{"name":"Your Name","email":"your.email@example.com"},"license":{"name":"Apache 2.0"},"version":"v1.0.0"},"servers":[{"url":"http://localhost:8080","description":"本地环境"},{"url":"http://124.221.19.177:8080/","description":"测试环境"}],"tags":[{"name":"Redis示例","description":"Redis各种数据类型使用示例"},{"name":"示例接口","description":"示例接口描述"},{"name":"交易记录","description":"交易记录相关接口"}],"paths":{"/trade":{"put":{"tags":["交易记录"],"summary":"修改记录","description":"修改交易记录","operationId":"update","requestBody":{"content":{"application/json":{"schema":{"$ref":"#/components/schemas/TradeRecord"}}},"required":true},"responses":{"200":{"description":"OK","content":{"*/*":{"schema":{"type":"string"}}}}}},"post":{"tags":["交易记录"],"summary":"新增记录","description":"新增交易记录","operationId":"add","requestBody":{"content":{"application/json":{"schema":{"$ref":"#/components/schemas/TradeRecord"}}},"required":true},"responses":{"200":{"description":"OK","content":{"*/*":{"schema":{"type":"string"}}}}}}},"/trade/page":{"post":{"tags":["交易记录"],"summary":"分页查询","description":"条件分页查询交易记录","operationId":"queryPage","requestBody":{"content":{"application/json":{"schema":{"$ref":"#/components/schemas/TradeRecordQuery"}}},"required":true},"responses":{"200":{"description":"OK","content":{"*/*":{"schema":{"type":"object","additionalProperties":{"type":"object"}}}}}}}},"/trade/import":{"post":{"tags":["交易记录"],"summary":"导入Excel","description":"导入交易记录Excel文件","operationId":"importExcel","requestBody":{"content":{"application/json":{"schema":{"required":["file"],"type":"object","properties":{"file":{"type":"string","format":"binary"}}}}}},"responses":{"200":{"description":"OK","content":{"*/*":{"schema":{"type":"string"}}}}}}},"/redis/zset/purchase":{"post":{"tags":["Redis示例"],"summary":"商品购买","description":"Sorted Set示例1：记录商品销量","operationId":"purchaseProduct","parameters":[{"name":"productId","in":"query","required":true,"schema":{"type":"string"}},{"name":"quantity","in":"query","required":true,"schema":{"type":"integer","format":"int32"}}],"responses":{"200":{"description":"OK","content":{"*/*":{"schema":{"type":"boolean"}}}}}}},"/redis/string/verifyCode":{"post":{"tags":["Redis示例"],"summary":"设置验证码","description":"String示例1：设置60秒过期的验证码","operationId":"setVerifyCode","parameters":[{"name":"phone","in":"query","required":true,"schema":{"type":"string"}},{"name":"code","in":"query","required":true,"schema":{"type":"string"}}],"responses":{"200":{"description":"OK","content":{"*/*":{"schema":{"type":"string"}}}}}}},"/redis/string/like":{"post":{"tags":["Redis示例"],"summary":"文章点赞","description":"String示例2：文章点赞计数","operationId":"likeArticle","parameters":[{"name":"articleId","in":"query","required":true,"schema":{"type":"string"}}],"responses":{"200":{"description":"OK","content":{"*/*":{"schema":{"type":"integer","format":"int64"}}}}}}},"/redis/set/follow":{"post":{"tags":["Redis示例"],"summary":"关注用户","description":"Set示例1：用户关注功能","operationId":"followUser","parameters":[{"name":"userId","in":"query","required":true,"schema":{"type":"string"}},{"name":"followIds","in":"query","required":true,"schema":{"type":"array","items":{"type":"string"}}}],"responses":{"200":{"description":"OK","content":{"*/*":{"schema":{"type":"integer","format":"int64"}}}}}}},"/redis/list/opLog":{"post":{"tags":["Redis示例"],"summary":"添加操作日志","description":"List示例1：记录用户操作日志","operationId":"addOperationLog","parameters":[{"name":"userId","in":"query","required":true,"schema":{"type":"string"}},{"name":"operation","in":"query","required":true,"schema":{"type":"string"}}],"responses":{"200":{"description":"OK","content":{"*/*":{"schema":{"type":"integer","format":"int64"}}}}}}},"/redis/hash/userInfo":{"post":{"tags":["Redis示例"],"summary":"更新用户信息","description":"Hash示例1：存储用户信息","operationId":"updateUserInfo","parameters":[{"name":"userId","in":"query","required":true,"schema":{"type":"string"}},{"name":"field","in":"query","required":true,"schema":{"type":"string"}},{"name":"value","in":"query","required":true,"schema":{"type":"string"}}],"responses":{"200":{"description":"OK","content":{"*/*":{"schema":{"type":"string"}}}}}}},"/trade/{id}":{"get":{"tags":["交易记录"],"summary":"查询单条记录","description":"根据ID查询交易记录","operationId":"getById","parameters":[{"name":"id","in":"path","required":true,"schema":{"type":"integer","format":"int64"}}],"responses":{"200":{"description":"OK","content":{"*/*":{"schema":{"$ref":"#/components/schemas/TradeRecord"}}}}}},"delete":{"tags":["交易记录"],"summary":"删除记录","description":"根据ID删除交易记录","operationId":"delete","parameters":[{"name":"id","in":"path","required":true,"schema":{"type":"integer","format":"int64"}}],"responses":{"200":{"description":"OK","content":{"*/*":{"schema":{"type":"string"}}}}}}},"/trade/generate-test":{"get":{"tags":["交易记录"],"summary":"生成测试Excel","description":"生成包含10000条测试数据的Excel文件","operationId":"generateTestExcel","responses":{"200":{"description":"OK","content":{"*/*":{"schema":{"type":"string"}}}}}}},"/redis/zset/hotProducts":{"get":{"tags":["Redis示例"],"summary":"热销商品","description":"Sorted Set示例2：获取销量最高的5个商品","operationId":"getHotProducts","responses":{"200":{"description":"OK","content":{"*/*":{"schema":{"uniqueItems":true,"type":"array","items":{"type":"object"}}}}}}}},"/redis/set/follow/{userId}":{"get":{"tags":["Redis示例"],"summary":"获取关注列表","description":"Set示例2：获取用户的所有关注","operationId":"getFollowList","parameters":[{"name":"userId","in":"path","required":true,"schema":{"type":"string"}}],"responses":{"200":{"description":"OK","content":{"*/*":{"schema":{"uniqueItems":true,"type":"array","items":{"type":"object"}}}}}}}},"/redis/list/opLog/{userId}":{"get":{"tags":["Redis示例"],"summary":"获取最近操作","description":"List示例2：获取用户最近的10条操作记录","operationId":"getRecentOperations","parameters":[{"name":"userId","in":"path","required":true,"schema":{"type":"string"}}],"responses":{"200":{"description":"OK","content":{"*/*":{"schema":{"type":"array","items":{"type":"object"}}}}}}}},"/redis/hash/userInfo/{userId}":{"get":{"tags":["Redis示例"],"summary":"获取用户信息","description":"Hash示例2：获取用户完整信息","operationId":"getUserInfo","parameters":[{"name":"userId","in":"path","required":true,"schema":{"type":"string"}}],"responses":{"200":{"description":"OK","content":{"*/*":{"schema":{"type":"object","additionalProperties":{"type":"object"}}}}}}}},"/demo/hello":{"get":{"tags":["示例接口"],"summary":"打招呼","description":"返回问候语","operationId":"hello","parameters":[{"name":"name","in":"query","description":"姓名","required":true,"schema":{"type":"string"}}],"responses":{"200":{"description":"OK","content":{"*/*":{"schema":{"type":"string"}}}}}}},"/trade/batch":{"delete":{"tags":["交易记录"],"summary":"批量删除","description":"批量删除交易记录","operationId":"batchDelete","requestBody":{"content":{"application/json":{"schema":{"type":"array","items":{"type":"integer","format":"int64"}}}},"required":true},"responses":{"200":{"description":"OK","content":{"*/*":{"schema":{"type":"string"}}}}}}}},"components":{"schemas":{"TradeRecord":{"type":"object","properties":{"id":{"type":"integer","format":"int64"},"tradeTime":{"type":"string","format":"date-time"},"tradeType":{"type":"string"},"counterparty":{"type":"string"},"product":{"type":"string"},"direction":{"type":"string"},"amount":{"type":"number"},"paymentMethod":{"type":"string"},"status":{"type":"string"},"tradeNo":{"type":"string"},"merchantOrderNo":{"type":"string"},"remarks":{"type":"string"},"createTime":{"type":"string","format":"date-time"}}},"TradeRecordQuery":{"type":"object","properties":{"tradeType":{"type":"string"},"counterparty":{"type":"string"},"direction":{"type":"string"},"status":{"type":"string"},"startTime":{"type":"string","format":"date-time"},"endTime":{"type":"string","format":"date-time"},"minAmount":{"type":"number"},"maxAmount":{"type":"number"},"paymentMethod":{"type":"string"},"tradeNo":{"type":"string"},"merchantOrderNo":{"type":"string"},"pageNum":{"type":"integer","format":"int32"},"pageSize":{"type":"integer","format":"int32"},"offset":{"type":"integer","format":"int32"}}}}}}
Duration    : 333ms
===============================================
2025-01-10 19:12:02.464 [http-nio-8080-exec-5] INFO  o.start.app.filter.RequestLogFilter - 
REQUEST LOG ====================================
URI         : /v3/api-docs
Method      : GET
Headers     : host: localhost:8080, connection: keep-alive, sec-ch-ua: "Google Chrome";v="131", "Chromium";v="131", "Not_A Brand";v="24", sec-ch-ua-mobile: ?0, sec-ch-ua-platform: "Windows", upgrade-insecure-requests: 1, user-agent: Mozilla/5.0 (Windows NT 10.0; Win64; x64) AppleWebKit/537.36 (KHTML, like Gecko) Chrome/131.0.0.0 Safari/537.36, accept: text/html,application/xhtml+xml,application/xml;q=0.9,image/avif,image/webp,image/apng,*/*;q=0.8,application/signed-exchange;v=b3;q=0.7, sec-fetch-site: same-origin, sec-fetch-mode: navigate, sec-fetch-user: ?1, sec-fetch-dest: document, accept-encoding: gzip, deflate, br, zstd, accept-language: zh-CN,zh;q=0.9,en;q=0.8
Parameters  : org.apache.catalina.util.ParameterMap@373be8d
Request body: 
Response    : {"openapi":"3.0.1","info":{"title":"项目API文档","description":"API接口文档","contact":{"name":"Your Name","email":"your.email@example.com"},"license":{"name":"Apache 2.0"},"version":"v1.0.0"},"servers":[{"url":"http://localhost:8080","description":"本地环境"},{"url":"http://124.221.19.177:8080/","description":"测试环境"}],"tags":[{"name":"Redis示例","description":"Redis各种数据类型使用示例"},{"name":"示例接口","description":"示例接口描述"},{"name":"交易记录","description":"交易记录相关接口"}],"paths":{"/trade":{"put":{"tags":["交易记录"],"summary":"修改记录","description":"修改交易记录","operationId":"update","requestBody":{"content":{"application/json":{"schema":{"$ref":"#/components/schemas/TradeRecord"}}},"required":true},"responses":{"200":{"description":"OK","content":{"*/*":{"schema":{"type":"string"}}}}}},"post":{"tags":["交易记录"],"summary":"新增记录","description":"新增交易记录","operationId":"add","requestBody":{"content":{"application/json":{"schema":{"$ref":"#/components/schemas/TradeRecord"}}},"required":true},"responses":{"200":{"description":"OK","content":{"*/*":{"schema":{"type":"string"}}}}}}},"/trade/page":{"post":{"tags":["交易记录"],"summary":"分页查询","description":"条件分页查询交易记录","operationId":"queryPage","requestBody":{"content":{"application/json":{"schema":{"$ref":"#/components/schemas/TradeRecordQuery"}}},"required":true},"responses":{"200":{"description":"OK","content":{"*/*":{"schema":{"type":"object","additionalProperties":{"type":"object"}}}}}}}},"/trade/import":{"post":{"tags":["交易记录"],"summary":"导入Excel","description":"导入交易记录Excel文件","operationId":"importExcel","requestBody":{"content":{"application/json":{"schema":{"required":["file"],"type":"object","properties":{"file":{"type":"string","format":"binary"}}}}}},"responses":{"200":{"description":"OK","content":{"*/*":{"schema":{"type":"string"}}}}}}},"/redis/zset/purchase":{"post":{"tags":["Redis示例"],"summary":"商品购买","description":"Sorted Set示例1：记录商品销量","operationId":"purchaseProduct","parameters":[{"name":"productId","in":"query","required":true,"schema":{"type":"string"}},{"name":"quantity","in":"query","required":true,"schema":{"type":"integer","format":"int32"}}],"responses":{"200":{"description":"OK","content":{"*/*":{"schema":{"type":"boolean"}}}}}}},"/redis/string/verifyCode":{"post":{"tags":["Redis示例"],"summary":"设置验证码","description":"String示例1：设置60秒过期的验证码","operationId":"setVerifyCode","parameters":[{"name":"phone","in":"query","required":true,"schema":{"type":"string"}},{"name":"code","in":"query","required":true,"schema":{"type":"string"}}],"responses":{"200":{"description":"OK","content":{"*/*":{"schema":{"type":"string"}}}}}}},"/redis/string/like":{"post":{"tags":["Redis示例"],"summary":"文章点赞","description":"String示例2：文章点赞计数","operationId":"likeArticle","parameters":[{"name":"articleId","in":"query","required":true,"schema":{"type":"string"}}],"responses":{"200":{"description":"OK","content":{"*/*":{"schema":{"type":"integer","format":"int64"}}}}}}},"/redis/set/follow":{"post":{"tags":["Redis示例"],"summary":"关注用户","description":"Set示例1：用户关注功能","operationId":"followUser","parameters":[{"name":"userId","in":"query","required":true,"schema":{"type":"string"}},{"name":"followIds","in":"query","required":true,"schema":{"type":"array","items":{"type":"string"}}}],"responses":{"200":{"description":"OK","content":{"*/*":{"schema":{"type":"integer","format":"int64"}}}}}}},"/redis/list/opLog":{"post":{"tags":["Redis示例"],"summary":"添加操作日志","description":"List示例1：记录用户操作日志","operationId":"addOperationLog","parameters":[{"name":"userId","in":"query","required":true,"schema":{"type":"string"}},{"name":"operation","in":"query","required":true,"schema":{"type":"string"}}],"responses":{"200":{"description":"OK","content":{"*/*":{"schema":{"type":"integer","format":"int64"}}}}}}},"/redis/hash/userInfo":{"post":{"tags":["Redis示例"],"summary":"更新用户信息","description":"Hash示例1：存储用户信息","operationId":"updateUserInfo","parameters":[{"name":"userId","in":"query","required":true,"schema":{"type":"string"}},{"name":"field","in":"query","required":true,"schema":{"type":"string"}},{"name":"value","in":"query","required":true,"schema":{"type":"string"}}],"responses":{"200":{"description":"OK","content":{"*/*":{"schema":{"type":"string"}}}}}}},"/trade/{id}":{"get":{"tags":["交易记录"],"summary":"查询单条记录","description":"根据ID查询交易记录","operationId":"getById","parameters":[{"name":"id","in":"path","required":true,"schema":{"type":"integer","format":"int64"}}],"responses":{"200":{"description":"OK","content":{"*/*":{"schema":{"$ref":"#/components/schemas/TradeRecord"}}}}}},"delete":{"tags":["交易记录"],"summary":"删除记录","description":"根据ID删除交易记录","operationId":"delete","parameters":[{"name":"id","in":"path","required":true,"schema":{"type":"integer","format":"int64"}}],"responses":{"200":{"description":"OK","content":{"*/*":{"schema":{"type":"string"}}}}}}},"/trade/generate-test":{"get":{"tags":["交易记录"],"summary":"生成测试Excel","description":"生成包含10000条测试数据的Excel文件","operationId":"generateTestExcel","responses":{"200":{"description":"OK","content":{"*/*":{"schema":{"type":"string"}}}}}}},"/redis/zset/hotProducts":{"get":{"tags":["Redis示例"],"summary":"热销商品","description":"Sorted Set示例2：获取销量最高的5个商品","operationId":"getHotProducts","responses":{"200":{"description":"OK","content":{"*/*":{"schema":{"uniqueItems":true,"type":"array","items":{"type":"object"}}}}}}}},"/redis/set/follow/{userId}":{"get":{"tags":["Redis示例"],"summary":"获取关注列表","description":"Set示例2：获取用户的所有关注","operationId":"getFollowList","parameters":[{"name":"userId","in":"path","required":true,"schema":{"type":"string"}}],"responses":{"200":{"description":"OK","content":{"*/*":{"schema":{"uniqueItems":true,"type":"array","items":{"type":"object"}}}}}}}},"/redis/list/opLog/{userId}":{"get":{"tags":["Redis示例"],"summary":"获取最近操作","description":"List示例2：获取用户最近的10条操作记录","operationId":"getRecentOperations","parameters":[{"name":"userId","in":"path","required":true,"schema":{"type":"string"}}],"responses":{"200":{"description":"OK","content":{"*/*":{"schema":{"type":"array","items":{"type":"object"}}}}}}}},"/redis/hash/userInfo/{userId}":{"get":{"tags":["Redis示例"],"summary":"获取用户信息","description":"Hash示例2：获取用户完整信息","operationId":"getUserInfo","parameters":[{"name":"userId","in":"path","required":true,"schema":{"type":"string"}}],"responses":{"200":{"description":"OK","content":{"*/*":{"schema":{"type":"object","additionalProperties":{"type":"object"}}}}}}}},"/demo/hello":{"get":{"tags":["示例接口"],"summary":"打招呼","description":"返回问候语","operationId":"hello","parameters":[{"name":"name","in":"query","description":"姓名","required":true,"schema":{"type":"string"}}],"responses":{"200":{"description":"OK","content":{"*/*":{"schema":{"type":"string"}}}}}}},"/trade/batch":{"delete":{"tags":["交易记录"],"summary":"批量删除","description":"批量删除交易记录","operationId":"batchDelete","requestBody":{"content":{"application/json":{"schema":{"type":"array","items":{"type":"integer","format":"int64"}}}},"required":true},"responses":{"200":{"description":"OK","content":{"*/*":{"schema":{"type":"string"}}}}}}}},"components":{"schemas":{"TradeRecord":{"type":"object","properties":{"id":{"type":"integer","format":"int64"},"tradeTime":{"type":"string","format":"date-time"},"tradeType":{"type":"string"},"counterparty":{"type":"string"},"product":{"type":"string"},"direction":{"type":"string"},"amount":{"type":"number"},"paymentMethod":{"type":"string"},"status":{"type":"string"},"tradeNo":{"type":"string"},"merchantOrderNo":{"type":"string"},"remarks":{"type":"string"},"createTime":{"type":"string","format":"date-time"}}},"TradeRecordQuery":{"type":"object","properties":{"tradeType":{"type":"string"},"counterparty":{"type":"string"},"direction":{"type":"string"},"status":{"type":"string"},"startTime":{"type":"string","format":"date-time"},"endTime":{"type":"string","format":"date-time"},"minAmount":{"type":"number"},"maxAmount":{"type":"number"},"paymentMethod":{"type":"string"},"tradeNo":{"type":"string"},"merchantOrderNo":{"type":"string"},"pageNum":{"type":"integer","format":"int32"},"pageSize":{"type":"integer","format":"int32"},"offset":{"type":"integer","format":"int32"}}}}}}
Duration    : 3ms
===============================================
2025-01-10 19:12:02.777 [http-nio-8080-exec-4] INFO  o.start.app.filter.RequestLogFilter - 
REQUEST LOG ====================================
URI         : /favicon.ico
Method      : GET
Headers     : host: localhost:8080, connection: keep-alive, sec-ch-ua-platform: "Windows", user-agent: Mozilla/5.0 (Windows NT 10.0; Win64; x64) AppleWebKit/537.36 (KHTML, like Gecko) Chrome/131.0.0.0 Safari/537.36, sec-ch-ua: "Google Chrome";v="131", "Chromium";v="131", "Not_A Brand";v="24", sec-ch-ua-mobile: ?0, accept: image/avif,image/webp,image/apng,image/svg+xml,image/*,*/*;q=0.8, sec-fetch-site: same-origin, sec-fetch-mode: no-cors, sec-fetch-dest: image, referer: http://localhost:8080/v3/api-docs, accept-encoding: gzip, deflate, br, zstd, accept-language: zh-CN,zh;q=0.9,en;q=0.8
Parameters  : org.apache.catalina.util.ParameterMap@373be8d
Request body: 
Response    : 
Duration    : 4ms
===============================================
2025-01-10 19:12:15.945 [http-nio-8080-exec-6] INFO  o.start.app.filter.RequestLogFilter - 
REQUEST LOG ====================================
URI         : /v3/api-docs
Method      : GET
Headers     : host: localhost:8080, connection: keep-alive, sec-ch-ua: "Not_A Brand";v="8", "Chromium";v="120", sec-ch-ua-mobile: ?0, user-agent: Mozilla/5.0 (Windows NT 10.0; Win64; x64) AppleWebKit/537.36 (KHTML, like Gecko) Postman/11.23.3 Electron/28.3.1 Safari/537.36, sec-ch-ua-platform: "Windows", accept: */*, sec-fetch-site: cross-site, sec-fetch-mode: cors, sec-fetch-dest: empty, accept-encoding: gzip, deflate, br, accept-language: zh-CN
Parameters  : org.apache.catalina.util.ParameterMap@373be8d
Request body: 
Response    : {"openapi":"3.0.1","info":{"title":"项目API文档","description":"API接口文档","contact":{"name":"Your Name","email":"your.email@example.com"},"license":{"name":"Apache 2.0"},"version":"v1.0.0"},"servers":[{"url":"http://localhost:8080","description":"本地环境"},{"url":"http://124.221.19.177:8080/","description":"测试环境"}],"tags":[{"name":"Redis示例","description":"Redis各种数据类型使用示例"},{"name":"示例接口","description":"示例接口描述"},{"name":"交易记录","description":"交易记录相关接口"}],"paths":{"/trade":{"put":{"tags":["交易记录"],"summary":"修改记录","description":"修改交易记录","operationId":"update","requestBody":{"content":{"application/json":{"schema":{"$ref":"#/components/schemas/TradeRecord"}}},"required":true},"responses":{"200":{"description":"OK","content":{"*/*":{"schema":{"type":"string"}}}}}},"post":{"tags":["交易记录"],"summary":"新增记录","description":"新增交易记录","operationId":"add","requestBody":{"content":{"application/json":{"schema":{"$ref":"#/components/schemas/TradeRecord"}}},"required":true},"responses":{"200":{"description":"OK","content":{"*/*":{"schema":{"type":"string"}}}}}}},"/trade/page":{"post":{"tags":["交易记录"],"summary":"分页查询","description":"条件分页查询交易记录","operationId":"queryPage","requestBody":{"content":{"application/json":{"schema":{"$ref":"#/components/schemas/TradeRecordQuery"}}},"required":true},"responses":{"200":{"description":"OK","content":{"*/*":{"schema":{"type":"object","additionalProperties":{"type":"object"}}}}}}}},"/trade/import":{"post":{"tags":["交易记录"],"summary":"导入Excel","description":"导入交易记录Excel文件","operationId":"importExcel","requestBody":{"content":{"application/json":{"schema":{"required":["file"],"type":"object","properties":{"file":{"type":"string","format":"binary"}}}}}},"responses":{"200":{"description":"OK","content":{"*/*":{"schema":{"type":"string"}}}}}}},"/redis/zset/purchase":{"post":{"tags":["Redis示例"],"summary":"商品购买","description":"Sorted Set示例1：记录商品销量","operationId":"purchaseProduct","parameters":[{"name":"productId","in":"query","required":true,"schema":{"type":"string"}},{"name":"quantity","in":"query","required":true,"schema":{"type":"integer","format":"int32"}}],"responses":{"200":{"description":"OK","content":{"*/*":{"schema":{"type":"boolean"}}}}}}},"/redis/string/verifyCode":{"post":{"tags":["Redis示例"],"summary":"设置验证码","description":"String示例1：设置60秒过期的验证码","operationId":"setVerifyCode","parameters":[{"name":"phone","in":"query","required":true,"schema":{"type":"string"}},{"name":"code","in":"query","required":true,"schema":{"type":"string"}}],"responses":{"200":{"description":"OK","content":{"*/*":{"schema":{"type":"string"}}}}}}},"/redis/string/like":{"post":{"tags":["Redis示例"],"summary":"文章点赞","description":"String示例2：文章点赞计数","operationId":"likeArticle","parameters":[{"name":"articleId","in":"query","required":true,"schema":{"type":"string"}}],"responses":{"200":{"description":"OK","content":{"*/*":{"schema":{"type":"integer","format":"int64"}}}}}}},"/redis/set/follow":{"post":{"tags":["Redis示例"],"summary":"关注用户","description":"Set示例1：用户关注功能","operationId":"followUser","parameters":[{"name":"userId","in":"query","required":true,"schema":{"type":"string"}},{"name":"followIds","in":"query","required":true,"schema":{"type":"array","items":{"type":"string"}}}],"responses":{"200":{"description":"OK","content":{"*/*":{"schema":{"type":"integer","format":"int64"}}}}}}},"/redis/list/opLog":{"post":{"tags":["Redis示例"],"summary":"添加操作日志","description":"List示例1：记录用户操作日志","operationId":"addOperationLog","parameters":[{"name":"userId","in":"query","required":true,"schema":{"type":"string"}},{"name":"operation","in":"query","required":true,"schema":{"type":"string"}}],"responses":{"200":{"description":"OK","content":{"*/*":{"schema":{"type":"integer","format":"int64"}}}}}}},"/redis/hash/userInfo":{"post":{"tags":["Redis示例"],"summary":"更新用户信息","description":"Hash示例1：存储用户信息","operationId":"updateUserInfo","parameters":[{"name":"userId","in":"query","required":true,"schema":{"type":"string"}},{"name":"field","in":"query","required":true,"schema":{"type":"string"}},{"name":"value","in":"query","required":true,"schema":{"type":"string"}}],"responses":{"200":{"description":"OK","content":{"*/*":{"schema":{"type":"string"}}}}}}},"/trade/{id}":{"get":{"tags":["交易记录"],"summary":"查询单条记录","description":"根据ID查询交易记录","operationId":"getById","parameters":[{"name":"id","in":"path","required":true,"schema":{"type":"integer","format":"int64"}}],"responses":{"200":{"description":"OK","content":{"*/*":{"schema":{"$ref":"#/components/schemas/TradeRecord"}}}}}},"delete":{"tags":["交易记录"],"summary":"删除记录","description":"根据ID删除交易记录","operationId":"delete","parameters":[{"name":"id","in":"path","required":true,"schema":{"type":"integer","format":"int64"}}],"responses":{"200":{"description":"OK","content":{"*/*":{"schema":{"type":"string"}}}}}}},"/trade/generate-test":{"get":{"tags":["交易记录"],"summary":"生成测试Excel","description":"生成包含10000条测试数据的Excel文件","operationId":"generateTestExcel","responses":{"200":{"description":"OK","content":{"*/*":{"schema":{"type":"string"}}}}}}},"/redis/zset/hotProducts":{"get":{"tags":["Redis示例"],"summary":"热销商品","description":"Sorted Set示例2：获取销量最高的5个商品","operationId":"getHotProducts","responses":{"200":{"description":"OK","content":{"*/*":{"schema":{"uniqueItems":true,"type":"array","items":{"type":"object"}}}}}}}},"/redis/set/follow/{userId}":{"get":{"tags":["Redis示例"],"summary":"获取关注列表","description":"Set示例2：获取用户的所有关注","operationId":"getFollowList","parameters":[{"name":"userId","in":"path","required":true,"schema":{"type":"string"}}],"responses":{"200":{"description":"OK","content":{"*/*":{"schema":{"uniqueItems":true,"type":"array","items":{"type":"object"}}}}}}}},"/redis/list/opLog/{userId}":{"get":{"tags":["Redis示例"],"summary":"获取最近操作","description":"List示例2：获取用户最近的10条操作记录","operationId":"getRecentOperations","parameters":[{"name":"userId","in":"path","required":true,"schema":{"type":"string"}}],"responses":{"200":{"description":"OK","content":{"*/*":{"schema":{"type":"array","items":{"type":"object"}}}}}}}},"/redis/hash/userInfo/{userId}":{"get":{"tags":["Redis示例"],"summary":"获取用户信息","description":"Hash示例2：获取用户完整信息","operationId":"getUserInfo","parameters":[{"name":"userId","in":"path","required":true,"schema":{"type":"string"}}],"responses":{"200":{"description":"OK","content":{"*/*":{"schema":{"type":"object","additionalProperties":{"type":"object"}}}}}}}},"/demo/hello":{"get":{"tags":["示例接口"],"summary":"打招呼","description":"返回问候语","operationId":"hello","parameters":[{"name":"name","in":"query","description":"姓名","required":true,"schema":{"type":"string"}}],"responses":{"200":{"description":"OK","content":{"*/*":{"schema":{"type":"string"}}}}}}},"/trade/batch":{"delete":{"tags":["交易记录"],"summary":"批量删除","description":"批量删除交易记录","operationId":"batchDelete","requestBody":{"content":{"application/json":{"schema":{"type":"array","items":{"type":"integer","format":"int64"}}}},"required":true},"responses":{"200":{"description":"OK","content":{"*/*":{"schema":{"type":"string"}}}}}}}},"components":{"schemas":{"TradeRecord":{"type":"object","properties":{"id":{"type":"integer","format":"int64"},"tradeTime":{"type":"string","format":"date-time"},"tradeType":{"type":"string"},"counterparty":{"type":"string"},"product":{"type":"string"},"direction":{"type":"string"},"amount":{"type":"number"},"paymentMethod":{"type":"string"},"status":{"type":"string"},"tradeNo":{"type":"string"},"merchantOrderNo":{"type":"string"},"remarks":{"type":"string"},"createTime":{"type":"string","format":"date-time"}}},"TradeRecordQuery":{"type":"object","properties":{"tradeType":{"type":"string"},"counterparty":{"type":"string"},"direction":{"type":"string"},"status":{"type":"string"},"startTime":{"type":"string","format":"date-time"},"endTime":{"type":"string","format":"date-time"},"minAmount":{"type":"number"},"maxAmount":{"type":"number"},"paymentMethod":{"type":"string"},"tradeNo":{"type":"string"},"merchantOrderNo":{"type":"string"},"pageNum":{"type":"integer","format":"int32"},"pageSize":{"type":"integer","format":"int32"},"offset":{"type":"integer","format":"int32"}}}}}}
Duration    : 2ms
===============================================
2025-01-10 20:04:48.072 [http-nio-8080-exec-1] INFO  o.start.app.filter.RequestLogFilter - 
REQUEST LOG ====================================
URI         : /swagger-ui/index.html
Method      : GET
Headers     : host: localhost:8080, connection: keep-alive, cache-control: max-age=0, sec-ch-ua: "Google Chrome";v="131", "Chromium";v="131", "Not_A Brand";v="24", sec-ch-ua-mobile: ?0, sec-ch-ua-platform: "Windows", upgrade-insecure-requests: 1, user-agent: Mozilla/5.0 (Windows NT 10.0; Win64; x64) AppleWebKit/537.36 (KHTML, like Gecko) Chrome/131.0.0.0 Safari/537.36, accept: text/html,application/xhtml+xml,application/xml;q=0.9,image/avif,image/webp,image/apng,*/*;q=0.8,application/signed-exchange;v=b3;q=0.7, sec-fetch-site: same-origin, sec-fetch-mode: navigate, sec-fetch-user: ?1, sec-fetch-dest: document, accept-encoding: gzip, deflate, br, zstd, accept-language: zh-CN,zh;q=0.9,en;q=0.8, if-modified-since: Mon, 06 Jan 2025 13:27:15 GMT
Parameters  : org.apache.catalina.util.ParameterMap@373be8d
Request body: 
Response    : 
Duration    : 2ms
===============================================
2025-01-10 20:04:48.098 [http-nio-8080-exec-9] INFO  o.start.app.filter.RequestLogFilter - 
REQUEST LOG ====================================
URI         : /swagger-ui/swagger-initializer.js
Method      : GET
Headers     : host: localhost:8080, connection: keep-alive, sec-ch-ua-platform: "Windows", user-agent: Mozilla/5.0 (Windows NT 10.0; Win64; x64) AppleWebKit/537.36 (KHTML, like Gecko) Chrome/131.0.0.0 Safari/537.36, sec-ch-ua: "Google Chrome";v="131", "Chromium";v="131", "Not_A Brand";v="24", sec-ch-ua-mobile: ?0, accept: */*, sec-fetch-site: same-origin, sec-fetch-mode: no-cors, sec-fetch-dest: script, referer: http://localhost:8080/swagger-ui/index.html, accept-encoding: gzip, deflate, br, zstd, accept-language: zh-CN,zh;q=0.9,en;q=0.8
Parameters  : org.apache.catalina.util.ParameterMap@373be8d
Request body: 
Response    : window.onload = function() {
  //<editor-fold desc="Changeable Configuration Block">

  // the following lines will be replaced by docker/configurator, when it runs in a docker-container
  window.ui = SwaggerUIBundle({
    url: "",
    dom_id: '#swagger-ui',
    deepLinking: true,
    presets: [
      SwaggerUIBundle.presets.apis,
      SwaggerUIStandalonePreset
    ],
    plugins: [
      SwaggerUIBundle.plugins.DownloadUrl
    ],
    layout: "StandaloneLayout" ,

  "configUrl" : "/v3/api-docs/swagger-config",
  "validatorUrl" : ""

  });

  //</editor-fold>
};

Duration    : 4ms
===============================================
2025-01-10 20:04:48.377 [http-nio-8080-exec-2] INFO  o.start.app.filter.RequestLogFilter - 
REQUEST LOG ====================================
URI         : /v3/api-docs/swagger-config
Method      : GET
Headers     : host: localhost:8080, connection: keep-alive, sec-ch-ua-platform: "Windows", user-agent: Mozilla/5.0 (Windows NT 10.0; Win64; x64) AppleWebKit/537.36 (KHTML, like Gecko) Chrome/131.0.0.0 Safari/537.36, sec-ch-ua: "Google Chrome";v="131", "Chromium";v="131", "Not_A Brand";v="24", sec-ch-ua-mobile: ?0, accept: */*, sec-fetch-site: same-origin, sec-fetch-mode: cors, sec-fetch-dest: empty, referer: http://localhost:8080/swagger-ui/index.html, accept-encoding: gzip, deflate, br, zstd, accept-language: zh-CN,zh;q=0.9,en;q=0.8
Parameters  : org.apache.catalina.util.ParameterMap@373be8d
Request body: 
Response    : {"configUrl":"/v3/api-docs/swagger-config","oauth2RedirectUrl":"http://localhost:8080/swagger-ui/oauth2-redirect.html","urls":[{"url":"/v3/api-docs","name":"API docs"}],"validatorUrl":""}
Duration    : 1ms
===============================================
2025-01-10 20:04:48.383 [http-nio-8080-exec-3] INFO  o.start.app.filter.RequestLogFilter - 
REQUEST LOG ====================================
URI         : /swagger-ui/favicon-32x32.png
Method      : GET
Headers     : host: localhost:8080, connection: keep-alive, sec-ch-ua-platform: "Windows", user-agent: Mozilla/5.0 (Windows NT 10.0; Win64; x64) AppleWebKit/537.36 (KHTML, like Gecko) Chrome/131.0.0.0 Safari/537.36, sec-ch-ua: "Google Chrome";v="131", "Chromium";v="131", "Not_A Brand";v="24", sec-ch-ua-mobile: ?0, accept: image/avif,image/webp,image/apng,image/svg+xml,image/*,*/*;q=0.8, sec-fetch-site: same-origin, sec-fetch-mode: no-cors, sec-fetch-dest: image, referer: http://localhost:8080/swagger-ui/index.html, accept-encoding: gzip, deflate, br, zstd, accept-language: zh-CN,zh;q=0.9,en;q=0.8, if-modified-since: Mon, 06 Jan 2025 13:27:15 GMT
Parameters  : org.apache.catalina.util.ParameterMap@373be8d
Request body: 
Response    : 
Duration    : 2ms
===============================================
2025-01-10 20:04:48.396 [http-nio-8080-exec-5] INFO  o.start.app.filter.RequestLogFilter - 
REQUEST LOG ====================================
URI         : /v3/api-docs
Method      : GET
Headers     : host: localhost:8080, connection: keep-alive, sec-ch-ua-platform: "Windows", user-agent: Mozilla/5.0 (Windows NT 10.0; Win64; x64) AppleWebKit/537.36 (KHTML, like Gecko) Chrome/131.0.0.0 Safari/537.36, accept: application/json,*/*, sec-ch-ua: "Google Chrome";v="131", "Chromium";v="131", "Not_A Brand";v="24", sec-ch-ua-mobile: ?0, sec-fetch-site: same-origin, sec-fetch-mode: cors, sec-fetch-dest: empty, referer: http://localhost:8080/swagger-ui/index.html, accept-encoding: gzip, deflate, br, zstd, accept-language: zh-CN,zh;q=0.9,en;q=0.8
Parameters  : org.apache.catalina.util.ParameterMap@373be8d
Request body: 
Response    : {"openapi":"3.0.1","info":{"title":"项目API文档","description":"API接口文档","contact":{"name":"Your Name","email":"your.email@example.com"},"license":{"name":"Apache 2.0"},"version":"v1.0.0"},"servers":[{"url":"http://localhost:8080","description":"本地环境"},{"url":"http://124.221.19.177:8080/","description":"测试环境"}],"tags":[{"name":"Redis示例","description":"Redis各种数据类型使用示例"},{"name":"示例接口","description":"示例接口描述"},{"name":"交易记录","description":"交易记录相关接口"}],"paths":{"/trade":{"put":{"tags":["交易记录"],"summary":"修改记录","description":"修改交易记录","operationId":"update","requestBody":{"content":{"application/json":{"schema":{"$ref":"#/components/schemas/TradeRecord"}}},"required":true},"responses":{"200":{"description":"OK","content":{"*/*":{"schema":{"type":"string"}}}}}},"post":{"tags":["交易记录"],"summary":"新增记录","description":"新增交易记录","operationId":"add","requestBody":{"content":{"application/json":{"schema":{"$ref":"#/components/schemas/TradeRecord"}}},"required":true},"responses":{"200":{"description":"OK","content":{"*/*":{"schema":{"type":"string"}}}}}}},"/trade/page":{"post":{"tags":["交易记录"],"summary":"分页查询","description":"条件分页查询交易记录","operationId":"queryPage","requestBody":{"content":{"application/json":{"schema":{"$ref":"#/components/schemas/TradeRecordQuery"}}},"required":true},"responses":{"200":{"description":"OK","content":{"*/*":{"schema":{"type":"object","additionalProperties":{"type":"object"}}}}}}}},"/trade/import":{"post":{"tags":["交易记录"],"summary":"导入Excel","description":"导入交易记录Excel文件","operationId":"importExcel","requestBody":{"content":{"application/json":{"schema":{"required":["file"],"type":"object","properties":{"file":{"type":"string","format":"binary"}}}}}},"responses":{"200":{"description":"OK","content":{"*/*":{"schema":{"type":"string"}}}}}}},"/redis/zset/purchase":{"post":{"tags":["Redis示例"],"summary":"商品购买","description":"Sorted Set示例1：记录商品销量","operationId":"purchaseProduct","parameters":[{"name":"productId","in":"query","required":true,"schema":{"type":"string"}},{"name":"quantity","in":"query","required":true,"schema":{"type":"integer","format":"int32"}}],"responses":{"200":{"description":"OK","content":{"*/*":{"schema":{"type":"boolean"}}}}}}},"/redis/string/verifyCode":{"post":{"tags":["Redis示例"],"summary":"设置验证码","description":"String示例1：设置60秒过期的验证码","operationId":"setVerifyCode","parameters":[{"name":"phone","in":"query","required":true,"schema":{"type":"string"}},{"name":"code","in":"query","required":true,"schema":{"type":"string"}}],"responses":{"200":{"description":"OK","content":{"*/*":{"schema":{"type":"string"}}}}}}},"/redis/string/like":{"post":{"tags":["Redis示例"],"summary":"文章点赞","description":"String示例2：文章点赞计数","operationId":"likeArticle","parameters":[{"name":"articleId","in":"query","required":true,"schema":{"type":"string"}}],"responses":{"200":{"description":"OK","content":{"*/*":{"schema":{"type":"integer","format":"int64"}}}}}}},"/redis/set/follow":{"post":{"tags":["Redis示例"],"summary":"关注用户","description":"Set示例1：用户关注功能","operationId":"followUser","parameters":[{"name":"userId","in":"query","required":true,"schema":{"type":"string"}},{"name":"followIds","in":"query","required":true,"schema":{"type":"array","items":{"type":"string"}}}],"responses":{"200":{"description":"OK","content":{"*/*":{"schema":{"type":"integer","format":"int64"}}}}}}},"/redis/list/opLog":{"post":{"tags":["Redis示例"],"summary":"添加操作日志","description":"List示例1：记录用户操作日志","operationId":"addOperationLog","parameters":[{"name":"userId","in":"query","required":true,"schema":{"type":"string"}},{"name":"operation","in":"query","required":true,"schema":{"type":"string"}}],"responses":{"200":{"description":"OK","content":{"*/*":{"schema":{"type":"integer","format":"int64"}}}}}}},"/redis/hash/userInfo":{"post":{"tags":["Redis示例"],"summary":"更新用户信息","description":"Hash示例1：存储用户信息","operationId":"updateUserInfo","parameters":[{"name":"userId","in":"query","required":true,"schema":{"type":"string"}},{"name":"field","in":"query","required":true,"schema":{"type":"string"}},{"name":"value","in":"query","required":true,"schema":{"type":"string"}}],"responses":{"200":{"description":"OK","content":{"*/*":{"schema":{"type":"string"}}}}}}},"/trade/{id}":{"get":{"tags":["交易记录"],"summary":"查询单条记录","description":"根据ID查询交易记录","operationId":"getById","parameters":[{"name":"id","in":"path","required":true,"schema":{"type":"integer","format":"int64"}}],"responses":{"200":{"description":"OK","content":{"*/*":{"schema":{"$ref":"#/components/schemas/TradeRecord"}}}}}},"delete":{"tags":["交易记录"],"summary":"删除记录","description":"根据ID删除交易记录","operationId":"delete","parameters":[{"name":"id","in":"path","required":true,"schema":{"type":"integer","format":"int64"}}],"responses":{"200":{"description":"OK","content":{"*/*":{"schema":{"type":"string"}}}}}}},"/trade/generate-test":{"get":{"tags":["交易记录"],"summary":"生成测试Excel","description":"生成包含10000条测试数据的Excel文件","operationId":"generateTestExcel","responses":{"200":{"description":"OK","content":{"*/*":{"schema":{"type":"string"}}}}}}},"/redis/zset/hotProducts":{"get":{"tags":["Redis示例"],"summary":"热销商品","description":"Sorted Set示例2：获取销量最高的5个商品","operationId":"getHotProducts","responses":{"200":{"description":"OK","content":{"*/*":{"schema":{"uniqueItems":true,"type":"array","items":{"type":"object"}}}}}}}},"/redis/set/follow/{userId}":{"get":{"tags":["Redis示例"],"summary":"获取关注列表","description":"Set示例2：获取用户的所有关注","operationId":"getFollowList","parameters":[{"name":"userId","in":"path","required":true,"schema":{"type":"string"}}],"responses":{"200":{"description":"OK","content":{"*/*":{"schema":{"uniqueItems":true,"type":"array","items":{"type":"object"}}}}}}}},"/redis/list/opLog/{userId}":{"get":{"tags":["Redis示例"],"summary":"获取最近操作","description":"List示例2：获取用户最近的10条操作记录","operationId":"getRecentOperations","parameters":[{"name":"userId","in":"path","required":true,"schema":{"type":"string"}}],"responses":{"200":{"description":"OK","content":{"*/*":{"schema":{"type":"array","items":{"type":"object"}}}}}}}},"/redis/hash/userInfo/{userId}":{"get":{"tags":["Redis示例"],"summary":"获取用户信息","description":"Hash示例2：获取用户完整信息","operationId":"getUserInfo","parameters":[{"name":"userId","in":"path","required":true,"schema":{"type":"string"}}],"responses":{"200":{"description":"OK","content":{"*/*":{"schema":{"type":"object","additionalProperties":{"type":"object"}}}}}}}},"/demo/hello":{"get":{"tags":["示例接口"],"summary":"打招呼","description":"返回问候语","operationId":"hello","parameters":[{"name":"name","in":"query","description":"姓名","required":true,"schema":{"type":"string"}}],"responses":{"200":{"description":"OK","content":{"*/*":{"schema":{"type":"string"}}}}}}},"/trade/batch":{"delete":{"tags":["交易记录"],"summary":"批量删除","description":"批量删除交易记录","operationId":"batchDelete","requestBody":{"content":{"application/json":{"schema":{"type":"array","items":{"type":"integer","format":"int64"}}}},"required":true},"responses":{"200":{"description":"OK","content":{"*/*":{"schema":{"type":"string"}}}}}}}},"components":{"schemas":{"TradeRecord":{"type":"object","properties":{"id":{"type":"integer","format":"int64"},"tradeTime":{"type":"string","format":"date-time"},"tradeType":{"type":"string"},"counterparty":{"type":"string"},"product":{"type":"string"},"direction":{"type":"string"},"amount":{"type":"number"},"paymentMethod":{"type":"string"},"status":{"type":"string"},"tradeNo":{"type":"string"},"merchantOrderNo":{"type":"string"},"remarks":{"type":"string"},"createTime":{"type":"string","format":"date-time"}}},"TradeRecordQuery":{"type":"object","properties":{"tradeType":{"type":"string"},"counterparty":{"type":"string"},"direction":{"type":"string"},"status":{"type":"string"},"startTime":{"type":"string","format":"date-time"},"endTime":{"type":"string","format":"date-time"},"minAmount":{"type":"number"},"maxAmount":{"type":"number"},"paymentMethod":{"type":"string"},"tradeNo":{"type":"string"},"merchantOrderNo":{"type":"string"},"pageNum":{"type":"integer","format":"int32"},"pageSize":{"type":"integer","format":"int32"},"offset":{"type":"integer","format":"int32"}}}}}}
Duration    : 2ms
===============================================
2025-01-10 20:04:53.413 [SpringApplicationShutdownHook] INFO  c.alibaba.druid.pool.DruidDataSource - {dataSource-1} closing ...
2025-01-10 20:04:53.416 [SpringApplicationShutdownHook] INFO  c.alibaba.druid.pool.DruidDataSource - {dataSource-1} closed
